Test run id: tggxp_a835ky3n7nmw9kp45fn5e755f7nd8_qja8
Phase started: constantArrival (index: 0, duration: 10s) 11:57:53(+0000)

[OK] Emitted test name once: Webstore_and_Flight_Search_Performance_Test
Phase completed: constantArrival (index: 0, duration: 10s) 11:58:03(+0000)

--------------------------------------
Metrics for period to: 11:58:00(+0000) (width: 5.024s)
--------------------------------------

TEST_NAME.Webstore_and_Flight_Search_Performance_Test: ......................... 1
browser.http_requests: ......................................................... 78
browser.page.CLS.https://blazedemo.com/index.php:
  min: ......................................................................... 0
  max: ......................................................................... 0
  mean: ........................................................................ 0
  median: ...................................................................... 0
  p95: ......................................................................... 0
  p99: ......................................................................... 0
browser.page.FCP.https://blazedemo.com/index.php:
  min: ......................................................................... 228
  max: ......................................................................... 924
  mean: ........................................................................ 421.6
  median: ...................................................................... 354.3
  p95: ......................................................................... 354.3
  p99: ......................................................................... 354.3
browser.page.FID.https://blazedemo.com/index.php:
  min: ......................................................................... 0.6
  max: ......................................................................... 1.4
  mean: ........................................................................ 0.9
  median: ...................................................................... 0.7
  p95: ......................................................................... 1
  p99: ......................................................................... 1
browser.page.INP.https://blazedemo.com/index.php:
  min: ......................................................................... 8
  max: ......................................................................... 16
  mean: ........................................................................ 14.4
  median: ...................................................................... 16
  p95: ......................................................................... 16
  p99: ......................................................................... 16
browser.page.LCP.https://blazedemo.com/index.php:
  min: ......................................................................... 228
  max: ......................................................................... 924
  mean: ........................................................................ 421.6
  median: ...................................................................... 354.3
  p95: ......................................................................... 354.3
  p99: ......................................................................... 354.3
browser.page.TTFB.https://blazedemo.com/index.php:
  min: ......................................................................... 148.6
  max: ......................................................................... 832.4
  mean: ........................................................................ 331.3
  median: ...................................................................... 257.3
  p95: ......................................................................... 262.5
  p99: ......................................................................... 262.5
browser.page.codes.200: ........................................................ 60
browser.page.codes.204: ........................................................ 18
browser.step.Click Vacation Link:
  min: ......................................................................... 244
  max: ......................................................................... 249
  mean: ........................................................................ 246.5
  median: ...................................................................... 242.3
  p95: ......................................................................... 242.3
  p99: ......................................................................... 242.3
browser.step.Load Homepage:
  min: ......................................................................... 217
  max: ......................................................................... 921
  mean: ........................................................................ 413.8
  median: ...................................................................... 333.7
  p95: ......................................................................... 354.3
  p99: ......................................................................... 354.3
browser.step.Search for Flights:
  min: ......................................................................... 217
  max: ......................................................................... 247
  mean: ........................................................................ 235.7
  median: ...................................................................... 242.3
  p95: ......................................................................... 242.3
  p99: ......................................................................... 242.3
browser.step.Select Departure City:
  min: ......................................................................... 31
  max: ......................................................................... 33
  mean: ........................................................................ 32.3
  median: ...................................................................... 32.8
  p95: ......................................................................... 32.8
  p99: ......................................................................... 32.8
browser.step.Select Destination City:
  min: ......................................................................... 6
  max: ......................................................................... 28
  mean: ........................................................................ 13.3
  median: ...................................................................... 6
  p95: ......................................................................... 6
  p99: ......................................................................... 6
custom.dns_time:
  min: ......................................................................... 0.6
  max: ......................................................................... 80.6
  mean: ........................................................................ 53.5
  median: ...................................................................... 79.1
  p95: ......................................................................... 79.1
  p99: ......................................................................... 79.1
custom.dom_content_loaded:
  min: ......................................................................... 0.1
  max: ......................................................................... 0.1
  mean: ........................................................................ 0.1
  median: ...................................................................... 0.1
  p95: ......................................................................... 0.1
  p99: ......................................................................... 0.1
custom.flights_displayed:
  min: ......................................................................... 5
  max: ......................................................................... 5
  mean: ........................................................................ 5
  median: ...................................................................... 5
  p95: ......................................................................... 5
  p99: ......................................................................... 5
custom.flights_found: .......................................................... 3
custom.homepage_load_time:
  min: ......................................................................... 239
  max: ......................................................................... 336
  mean: ........................................................................ 287.5
  median: ...................................................................... 237.5
  p95: ......................................................................... 237.5
  p99: ......................................................................... 237.5
custom.http_latency:
  min: ......................................................................... 213
  max: ......................................................................... 916
  mean: ........................................................................ 493
  median: ...................................................................... 347.3
  p95: ......................................................................... 347.3
  p99: ......................................................................... 347.3
custom.page_load_time:
  min: ......................................................................... 213
  max: ......................................................................... 916
  mean: ........................................................................ 493
  median: ...................................................................... 347.3
  p95: ......................................................................... 347.3
  p99: ......................................................................... 347.3
custom.response_time:
  min: ......................................................................... 0.7
  max: ......................................................................... 0.9
  mean: ........................................................................ 0.8
  median: ...................................................................... 0.8
  p95: ......................................................................... 0.8
  p99: ......................................................................... 0.8
custom.results_page_dom_ready:
  min: ......................................................................... 149.2
  max: ......................................................................... 162.5
  mean: ........................................................................ 157.8
  median: ...................................................................... 162.4
  p95: ......................................................................... 162.4
  p99: ......................................................................... 162.4
custom.results_page_ttfb:
  min: ......................................................................... 136.1
  max: ......................................................................... 149.5
  mean: ........................................................................ 144
  median: ...................................................................... 147
  p95: ......................................................................... 147
  p99: ......................................................................... 147
custom.search_results_latency:
  min: ......................................................................... 188
  max: ......................................................................... 205
  mean: ........................................................................ 198
  median: ...................................................................... 202.4
  p95: ......................................................................... 202.4
  p99: ......................................................................... 202.4
custom.search_status_200: ...................................................... 3
custom.tcp_time:
  min: ......................................................................... 17.8
  max: ......................................................................... 40.1
  mean: ........................................................................ 32
  median: ...................................................................... 38.5
  p95: ......................................................................... 38.5
  p99: ......................................................................... 38.5
custom.ttfb:
  min: ......................................................................... 129
  max: ......................................................................... 711
  mean: ........................................................................ 327.2
  median: ...................................................................... 141.2
  p95: ......................................................................... 141.2
  p99: ......................................................................... 141.2
custom.vacation_image_loaded: .................................................. 2
custom.vacation_page_load_time:
  min: ......................................................................... 226
  max: ......................................................................... 227
  mean: ........................................................................ 226.5
  median: ...................................................................... 228.2
  p95: ......................................................................... 228.2
  p99: ......................................................................... 228.2
custom.vacation_page_verified: ................................................. 2
custom.vacation_response_time:
  min: ......................................................................... 0.5
  max: ......................................................................... 0.6
  mean: ........................................................................ 0.5
  median: ...................................................................... 0.5
  p95: ......................................................................... 0.5
  p99: ......................................................................... 0.5
custom.vacation_status_200: .................................................... 2
custom.vacation_ttfb:
  min: ......................................................................... 138.7
  max: ......................................................................... 139
  mean: ........................................................................ 138.8
  median: ...................................................................... 138.4
  p95: ......................................................................... 138.4
  p99: ......................................................................... 138.4
user.flightSearchPerformance.completed: ........................................ 3
user.flightSearchPerformance.flight_search: .................................... 3
user.vacationPagePerformance.completed: ........................................ 2
user.vacationPagePerformance.vacation_page_visit: .............................. 3
vusers.completed: .............................................................. 5
vusers.created: ................................................................ 6
vusers.created_by_name.flightSearchPerformance: ................................ 3
vusers.created_by_name.vacationPagePerformance: ................................ 3
vusers.failed: ................................................................. 0
vusers.session_length:
  min: ......................................................................... 506.2
  max: ......................................................................... 4061.5
  mean: ........................................................................ 1808.5
  median: ...................................................................... 1525.7
  p95: ......................................................................... 2416.8
  p99: ......................................................................... 2416.8


--------------------------------------
Metrics for period to: 11:58:10(+0000) (width: 4.352s)
--------------------------------------

browser.http_requests: ......................................................... 83
browser.page.CLS.https://blazedemo.com/index.php:
  min: ......................................................................... 0
  max: ......................................................................... 0
  mean: ........................................................................ 0
  median: ...................................................................... 0
  p95: ......................................................................... 0
  p99: ......................................................................... 0
browser.page.FCP.https://blazedemo.com/index.php:
  min: ......................................................................... 224
  max: ......................................................................... 268
  mean: ........................................................................ 246.4
  median: ...................................................................... 242.3
  p95: ......................................................................... 262.5
  p99: ......................................................................... 262.5
browser.page.FID.https://blazedemo.com/index.php:
  min: ......................................................................... 0.5
  max: ......................................................................... 0.7
  mean: ........................................................................ 0.6
  median: ...................................................................... 0.7
  p95: ......................................................................... 0.7
  p99: ......................................................................... 0.7
browser.page.INP.https://blazedemo.com/index.php:
  min: ......................................................................... 16
  max: ......................................................................... 16
  mean: ........................................................................ 16
  median: ...................................................................... 16
  p95: ......................................................................... 16
  p99: ......................................................................... 16
browser.page.LCP.https://blazedemo.com/index.php:
  min: ......................................................................... 224
  max: ......................................................................... 268
  mean: ........................................................................ 246.4
  median: ...................................................................... 242.3
  p95: ......................................................................... 262.5
  p99: ......................................................................... 262.5
browser.page.TTFB.https://blazedemo.com/index.php:
  min: ......................................................................... 147.1
  max: ......................................................................... 175.3
  mean: ........................................................................ 163.5
  median: ...................................................................... 165.7
  p95: ......................................................................... 169
  p99: ......................................................................... 169
browser.page.codes.200: ........................................................ 58
browser.page.codes.204: ........................................................ 27
browser.step.Click Find Flights:
  min: ......................................................................... 190
  max: ......................................................................... 207
  mean: ........................................................................ 198.5
  median: ...................................................................... 190.6
  p95: ......................................................................... 190.6
  p99: ......................................................................... 190.6
browser.step.Click Vacation Link:
  min: ......................................................................... 208
  max: ......................................................................... 208
  mean: ........................................................................ 208
  median: ...................................................................... 206.5
  p95: ......................................................................... 206.5
  p99: ......................................................................... 206.5
browser.step.Go to page:
  min: ......................................................................... 229
  max: ......................................................................... 250
  mean: ........................................................................ 239.5
  median: ...................................................................... 228.2
  p95: ......................................................................... 228.2
  p99: ......................................................................... 228.2
browser.step.Load Homepage:
  min: ......................................................................... 235
  max: ......................................................................... 262
  mean: ........................................................................ 249
  median: ...................................................................... 252.2
  p95: ......................................................................... 252.2
  p99: ......................................................................... 252.2
browser.step.Search for Flights:
  min: ......................................................................... 215
  max: ......................................................................... 220
  mean: ........................................................................ 217.5
  median: ...................................................................... 214.9
  p95: ......................................................................... 214.9
  p99: ......................................................................... 214.9
browser.step.Select Berlin as destination:
  min: ......................................................................... 5
  max: ......................................................................... 6
  mean: ........................................................................ 5.5
  median: ...................................................................... 5
  p95: ......................................................................... 5
  p99: ......................................................................... 5
browser.step.Select Departure City:
  min: ......................................................................... 31
  max: ......................................................................... 33
  mean: ........................................................................ 32
  median: ...................................................................... 30.9
  p95: ......................................................................... 30.9
  p99: ......................................................................... 30.9
browser.step.Select Destination City:
  min: ......................................................................... 5
  max: ......................................................................... 5
  mean: ........................................................................ 5
  median: ...................................................................... 5
  p95: ......................................................................... 5
  p99: ......................................................................... 5
browser.step.Select Philadelphia as departure:
  min: ......................................................................... 26
  max: ......................................................................... 26
  mean: ........................................................................ 26
  median: ...................................................................... 25.8
  p95: ......................................................................... 25.8
  p99: ......................................................................... 25.8
custom.dns_time:
  min: ......................................................................... 0.5
  max: ......................................................................... 0.5
  mean: ........................................................................ 0.5
  median: ...................................................................... 0.5
  p95: ......................................................................... 0.5
  p99: ......................................................................... 0.5
custom.fcp:
  min: ......................................................................... 240
  max: ......................................................................... 240
  mean: ........................................................................ 240
  median: ...................................................................... 242.3
  p95: ......................................................................... 242.3
  p99: ......................................................................... 242.3
custom.flights_displayed:
  min: ......................................................................... 5
  max: ......................................................................... 5
  mean: ........................................................................ 5
  median: ...................................................................... 5
  p95: ......................................................................... 5
  p99: ......................................................................... 5
custom.flights_found: .......................................................... 2
custom.homepage_load_time:
  min: ......................................................................... 250
  max: ......................................................................... 250
  mean: ........................................................................ 250
  median: ...................................................................... 252.2
  p95: ......................................................................... 252.2
  p99: ......................................................................... 252.2
custom.http_latency:
  min: ......................................................................... 226
  max: ......................................................................... 258
  mean: ........................................................................ 240.3
  median: ...................................................................... 228.2
  p95: ......................................................................... 247.2
  p99: ......................................................................... 247.2
custom.page_load_time:
  min: ......................................................................... 226
  max: ......................................................................... 258
  mean: ........................................................................ 240.3
  median: ...................................................................... 228.2
  p95: ......................................................................... 247.2
  p99: ......................................................................... 247.2
custom.response_time:
  min: ......................................................................... 0.6
  max: ......................................................................... 0.7
  mean: ........................................................................ 0.6
  median: ...................................................................... 0.6
  p95: ......................................................................... 0.6
  p99: ......................................................................... 0.6
custom.results_page_dom_ready:
  min: ......................................................................... 140.2
  max: ......................................................................... 143.7
  mean: ........................................................................ 141.9
  median: ...................................................................... 141.2
  p95: ......................................................................... 141.2
  p99: ......................................................................... 141.2
custom.results_page_ttfb:
  min: ......................................................................... 127.7
  max: ......................................................................... 131.2
  mean: ........................................................................ 129.5
  median: ...................................................................... 127.8
  p95: ......................................................................... 127.8
  p99: ......................................................................... 127.8
custom.search_results_latency:
  min: ......................................................................... 187
  max: ......................................................................... 192
  mean: ........................................................................ 189.5
  median: ...................................................................... 186.8
  p95: ......................................................................... 186.8
  p99: ......................................................................... 186.8
custom.search_status_200: ...................................................... 2
custom.tcp_time:
  min: ......................................................................... 17.6
  max: ......................................................................... 21.8
  mean: ........................................................................ 19.7
  median: ...................................................................... 17.6
  p95: ......................................................................... 17.6
  p99: ......................................................................... 17.6
custom.ttfb:
  min: ......................................................................... 126.7
  max: ......................................................................... 156.3
  mean: ........................................................................ 141.3
  median: ...................................................................... 141.2
  p95: ......................................................................... 141.2
  p99: ......................................................................... 141.2
custom.vacation_image_loaded: .................................................. 1
custom.vacation_page_load_time:
  min: ......................................................................... 192
  max: ......................................................................... 192
  mean: ........................................................................ 192
  median: ...................................................................... 190.6
  p95: ......................................................................... 190.6
  p99: ......................................................................... 190.6
custom.vacation_page_verified: ................................................. 1
custom.vacation_response_time:
  min: ......................................................................... 0.5
  max: ......................................................................... 0.5
  mean: ........................................................................ 0.5
  median: ...................................................................... 0.5
  p95: ......................................................................... 0.5
  p99: ......................................................................... 0.5
custom.vacation_status_200: .................................................... 1
custom.vacation_ttfb:
  min: ......................................................................... 122.7
  max: ......................................................................... 122.7
  mean: ........................................................................ 122.7
  median: ...................................................................... 122.7
  p95: ......................................................................... 122.7
  p99: ......................................................................... 122.7
user.flightSearchPerformance.completed: ........................................ 2
user.flightSearchPerformance.flight_search: .................................... 2
user.testScenario.Find flight: ................................................. 2
user.vacationPagePerformance.completed: ........................................ 1
vusers.completed: .............................................................. 5
vusers.created: ................................................................ 4
vusers.created_by_name.flightSearchPerformance: ................................ 2
vusers.created_by_name.testScenario: ........................................... 2
vusers.failed: ................................................................. 0
vusers.session_length:
  min: ......................................................................... 482.2
  max: ......................................................................... 547.1
  mean: ........................................................................ 509.4
  median: ...................................................................... 518.1
  p95: ......................................................................... 518.1
  p99: ......................................................................... 518.1


All VUs finished. Total time: 10 seconds

--------------------------------
Summary report @ 11:58:05(+0000)
--------------------------------

TEST_NAME.Webstore_and_Flight_Search_Performance_Test: ......................... 1
browser.http_requests: ......................................................... 161
browser.page.CLS.https://blazedemo.com/index.php:
  min: ......................................................................... 0
  max: ......................................................................... 0
  mean: ........................................................................ 0
  median: ...................................................................... 0
  p95: ......................................................................... 0
  p99: ......................................................................... 0
browser.page.FCP.https://blazedemo.com/index.php:
  min: ......................................................................... 224
  max: ......................................................................... 924
  mean: ........................................................................ 334
  median: ...................................................................... 252.2
  p95: ......................................................................... 354.3
  p99: ......................................................................... 354.3
browser.page.FID.https://blazedemo.com/index.php:
  min: ......................................................................... 0.5
  max: ......................................................................... 1.4
  mean: ........................................................................ 0.8
  median: ...................................................................... 0.7
  p95: ......................................................................... 1
  p99: ......................................................................... 1
browser.page.INP.https://blazedemo.com/index.php:
  min: ......................................................................... 8
  max: ......................................................................... 16
  mean: ........................................................................ 15.2
  median: ...................................................................... 16
  p95: ......................................................................... 16
  p99: ......................................................................... 16
browser.page.LCP.https://blazedemo.com/index.php:
  min: ......................................................................... 224
  max: ......................................................................... 924
  mean: ........................................................................ 334
  median: ...................................................................... 252.2
  p95: ......................................................................... 354.3
  p99: ......................................................................... 354.3
browser.page.TTFB.https://blazedemo.com/index.php:
  min: ......................................................................... 147.1
  max: ......................................................................... 832.4
  mean: ........................................................................ 247.4
  median: ...................................................................... 165.7
  p95: ......................................................................... 262.5
  p99: ......................................................................... 262.5
browser.page.codes.200: ........................................................ 118
browser.page.codes.204: ........................................................ 45
browser.step.Click Find Flights:
  min: ......................................................................... 190
  max: ......................................................................... 207
  mean: ........................................................................ 198.5
  median: ...................................................................... 190.6
  p95: ......................................................................... 190.6
  p99: ......................................................................... 190.6
browser.step.Click Vacation Link:
  min: ......................................................................... 208
  max: ......................................................................... 249
  mean: ........................................................................ 233.7
  median: ...................................................................... 242.3
  p95: ......................................................................... 242.3
  p99: ......................................................................... 242.3
browser.step.Go to page:
  min: ......................................................................... 229
  max: ......................................................................... 250
  mean: ........................................................................ 239.5
  median: ...................................................................... 228.2
  p95: ......................................................................... 228.2
  p99: ......................................................................... 228.2
browser.step.Load Homepage:
  min: ......................................................................... 217
  max: ......................................................................... 921
  mean: ........................................................................ 352
  median: ...................................................................... 252.2
  p95: ......................................................................... 354.3
  p99: ......................................................................... 354.3
browser.step.Search for Flights:
  min: ......................................................................... 215
  max: ......................................................................... 247
  mean: ........................................................................ 228.4
  median: ...................................................................... 219.2
  p95: ......................................................................... 242.3
  p99: ......................................................................... 242.3
browser.step.Select Berlin as destination:
  min: ......................................................................... 5
  max: ......................................................................... 6
  mean: ........................................................................ 5.5
  median: ...................................................................... 5
  p95: ......................................................................... 5
  p99: ......................................................................... 5
browser.step.Select Departure City:
  min: ......................................................................... 31
  max: ......................................................................... 33
  mean: ........................................................................ 32.2
  median: ...................................................................... 32.8
  p95: ......................................................................... 32.8
  p99: ......................................................................... 32.8
browser.step.Select Destination City:
  min: ......................................................................... 5
  max: ......................................................................... 28
  mean: ........................................................................ 10
  median: ...................................................................... 6
  p95: ......................................................................... 6
  p99: ......................................................................... 6
browser.step.Select Philadelphia as departure:
  min: ......................................................................... 26
  max: ......................................................................... 26
  mean: ........................................................................ 26
  median: ...................................................................... 25.8
  p95: ......................................................................... 25.8
  p99: ......................................................................... 25.8
custom.dns_time:
  min: ......................................................................... 0.5
  max: ......................................................................... 80.6
  mean: ........................................................................ 32.3
  median: ...................................................................... 0.6
  p95: ......................................................................... 79.1
  p99: ......................................................................... 79.1
custom.dom_content_loaded:
  min: ......................................................................... 0.1
  max: ......................................................................... 0.1
  mean: ........................................................................ 0.1
  median: ...................................................................... 0.1
  p95: ......................................................................... 0.1
  p99: ......................................................................... 0.1
custom.fcp:
  min: ......................................................................... 240
  max: ......................................................................... 240
  mean: ........................................................................ 240
  median: ...................................................................... 242.3
  p95: ......................................................................... 242.3
  p99: ......................................................................... 242.3
custom.flights_displayed:
  min: ......................................................................... 5
  max: ......................................................................... 5
  mean: ........................................................................ 5
  median: ...................................................................... 5
  p95: ......................................................................... 5
  p99: ......................................................................... 5
custom.flights_found: .......................................................... 5
custom.homepage_load_time:
  min: ......................................................................... 239
  max: ......................................................................... 336
  mean: ........................................................................ 275
  median: ...................................................................... 252.2
  p95: ......................................................................... 252.2
  p99: ......................................................................... 252.2
custom.http_latency:
  min: ......................................................................... 213
  max: ......................................................................... 916
  mean: ........................................................................ 348.6
  median: ...................................................................... 247.2
  p95: ......................................................................... 347.3
  p99: ......................................................................... 347.3
custom.page_load_time:
  min: ......................................................................... 213
  max: ......................................................................... 916
  mean: ........................................................................ 348.6
  median: ...................................................................... 247.2
  p95: ......................................................................... 347.3
  p99: ......................................................................... 347.3
custom.response_time:
  min: ......................................................................... 0.6
  max: ......................................................................... 0.9
  mean: ........................................................................ 0.7
  median: ...................................................................... 0.7
  p95: ......................................................................... 0.8
  p99: ......................................................................... 0.8
custom.results_page_dom_ready:
  min: ......................................................................... 140.2
  max: ......................................................................... 162.5
  mean: ........................................................................ 151.5
  median: ...................................................................... 149.9
  p95: ......................................................................... 162.4
  p99: ......................................................................... 162.4
custom.results_page_ttfb:
  min: ......................................................................... 127.7
  max: ......................................................................... 149.5
  mean: ........................................................................ 138.2
  median: ...................................................................... 135.7
  p95: ......................................................................... 147
  p99: ......................................................................... 147
custom.search_results_latency:
  min: ......................................................................... 187
  max: ......................................................................... 205
  mean: ........................................................................ 194.6
  median: ...................................................................... 190.6
  p95: ......................................................................... 202.4
  p99: ......................................................................... 202.4
custom.search_status_200: ...................................................... 5
custom.tcp_time:
  min: ......................................................................... 17.6
  max: ......................................................................... 40.1
  mean: ........................................................................ 27.1
  median: ...................................................................... 22
  p95: ......................................................................... 38.5
  p99: ......................................................................... 38.5
custom.ttfb:
  min: ......................................................................... 126.7
  max: ......................................................................... 711
  mean: ........................................................................ 220.9
  median: ...................................................................... 141.2
  p95: ......................................................................... 156
  p99: ......................................................................... 156
custom.vacation_image_loaded: .................................................. 3
custom.vacation_page_load_time:
  min: ......................................................................... 192
  max: ......................................................................... 227
  mean: ........................................................................ 215
  median: ...................................................................... 228.2
  p95: ......................................................................... 228.2
  p99: ......................................................................... 228.2
custom.vacation_page_verified: ................................................. 3
custom.vacation_response_time:
  min: ......................................................................... 0.5
  max: ......................................................................... 0.6
  mean: ........................................................................ 0.5
  median: ...................................................................... 0.5
  p95: ......................................................................... 0.5
  p99: ......................................................................... 0.5
custom.vacation_status_200: .................................................... 3
custom.vacation_ttfb:
  min: ......................................................................... 122.7
  max: ......................................................................... 139
  mean: ........................................................................ 133.5
  median: ...................................................................... 138.4
  p95: ......................................................................... 138.4
  p99: ......................................................................... 138.4
user.flightSearchPerformance.completed: ........................................ 5
user.flightSearchPerformance.flight_search: .................................... 5
user.testScenario.Find flight: ................................................. 2
user.vacationPagePerformance.completed: ........................................ 3
user.vacationPagePerformance.vacation_page_visit: .............................. 3
vusers.completed: .............................................................. 10
vusers.created: ................................................................ 10
vusers.created_by_name.flightSearchPerformance: ................................ 5
vusers.created_by_name.testScenario: ........................................... 2
vusers.created_by_name.vacationPagePerformance: ................................ 3
vusers.failed: ................................................................. 0
vusers.session_length:
  min: ......................................................................... 482.2
  max: ......................................................................... 4061.5
  mean: ........................................................................ 1159
  median: ...................................................................... 518.1
  p95: ......................................................................... 2416.8
  p99: ......................................................................... 2416.8
Log file: results/results.json
